build/app/outputs/mapping/release/mapping.txt
# compiler: R8
# compiler_version: 1.5.69
# min_api: 16
# pg_map_id: bc6e36a
...
io.flutter.plugin.platform.SingleViewPresentation$PresentationState -> io.flutter.plugin.platform.SingleViewPresentation$e:
    io.flutter.plugin.platform.SingleViewPresentation$FakeWindowViewGroup fakeWindowViewGroup -> c
    io.flutter.plugin.platform.PlatformView platformView -> a
    io.flutter.plugin.platform.SingleViewPresentation$WindowManagerHandler windowManagerHandler -> b
    io.flutter.plugin.platform.SingleViewPresentation$FakeWindowViewGroup access$000(io.flutter.plugin.platform.SingleViewPresentation$PresentationState) -> a
    io.flutter.plugin.platform.SingleViewPresentation$FakeWindowViewGroup access$002(io.flutter.plugin.platform.SingleViewPresentation$PresentationState,io.flutter.plugin.platform.SingleViewPresentation$FakeWindowViewGroup) -> a
    io.flutter.plugin.platform.SingleViewPresentation$WindowManagerHandler access$102(io.flutter.plugin.platform.SingleViewPresentation$PresentationState,io.flutter.plugin.platform.SingleViewPresentation$WindowManagerHandler) -> a
    io.flutter.plugin.platform.PlatformView access$202(io.flutter.plugin.platform.SingleViewPresentation$PresentationState,io.flutter.plugin.platform.PlatformView) -> a
    io.flutter.plugin.platform.SingleViewPresentation$WindowManagerHandler access$100(io.flutter.plugin.platform.SingleViewPresentation$PresentationState) -> b
    io.flutter.plugin.platform.PlatformView access$200(io.flutter.plugin.platform.SingleViewPresentation$PresentationState) -> c
io.flutter.plugin.platform.SingleViewPresentation$WindowManagerHandler -> io.flutter.plugin.platform.SingleViewPresentation$f:
    android.view.WindowManager delegate -> a
    io.flutter.plugin.platform.SingleViewPresentation$FakeWindowViewGroup fakeWindowRootView -> b
    void addView(java.lang.Object[]) -> a
    android.view.WindowManager getWindowManager() -> a
    void removeView(java.lang.Object[]) -> b
    void removeViewImmediate(java.lang.Object[]) -> c
    void updateViewLayout(java.lang.Object[]) -> d
io.flutter.plugin.platform.VirtualDisplayController -> io.flutter.plugin.platform.l:
    android.content.Context context -> a
    android.hardware.display.VirtualDisplay virtualDisplay -> f
    android.view.View$OnFocusChangeListener focusChangeListener -> e
    io.flutter.plugin.platform.SingleViewPresentation presentation -> g
    io.flutter.view.TextureRegistry$SurfaceTextureEntry textureEntry -> d
    int densityDpi -> c
    android.view.Surface surface -> h
    io.flutter.plugin.platform.AccessibilityEventsDelegate accessibilityEventsDelegate -> b
    io.flutter.plugin.platform.VirtualDisplayController create(android.content.Context,io.flutter.plugin.platform.AccessibilityEventsDelegate,io.flutter.plugin.platform.PlatformViewFactory,io.flutter.view.TextureRegistry$SurfaceTextureEntry,int,int,int,java.lang.Object,android.view.View$OnFocusChangeListener) -> a
    void dispatchTouchEvent(android.view.MotionEvent) -> a
    void dispose() -> a
    void onFlutterViewAttached(android.view.View) -> a
    void resize(int,int,java.lang.Runnable) -> a
    android.view.View getView() -> b
    void onInputConnectionLocked() -> c
    void onInputConnectionUnlocked() -> d
io.flutter.plugin.platform.VirtualDisplayController$1 -> io.flutter.plugin.platform.l$a:
    java.lang.Runnable val$onNewSizeFrameAvailable -> b
    android.view.View val$embeddedView -> a
io.flutter.plugin.platform.VirtualDisplayController$1$1 -> io.flutter.plugin.platform.l$a$a:
    io.flutter.plugin.platform.VirtualDisplayController$1 this$1 -> a
io.flutter.plugin.platform.VirtualDisplayController$OneTimeOnDrawListener -> io.flutter.plugin.platform.l$b:
    java.lang.Runnable mOnDrawRunnable -> b
    android.view.View mView -> a
    void schedule(android.view.View,java.lang.Runnable) -> a
io.flutter.plugin.platform.VirtualDisplayController$OneTimeOnDrawListener$1 -> io.flutter.plugin.platform.l$b$a:
    io.flutter.plugin.platform.VirtualDisplayController$OneTimeOnDrawListener this$0 -> a